Performing C++ SOURCE FILE Test _fbracket_depth_4096 failed with the following output:
Change Dir: /home/ruihan11/Documents/YSYX_Project/verilator_test/build/CMakeFiles/CMakeTmp

Run Build Command(s):/usr/bin/gmake -f Makefile cmTC_bae3e/fast && /usr/bin/gmake  -f CMakeFiles/cmTC_bae3e.dir/build.make CMakeFiles/cmTC_bae3e.dir/build
gmake[1]: Entering directory '/home/ruihan11/Documents/YSYX_Project/verilator_test/build/CMakeFiles/CMakeTmp'
Building CXX object CMakeFiles/cmTC_bae3e.dir/src.cxx.o
/usr/bin/c++ -D_fbracket_depth_4096  -fbracket-depth=4096 -o CMakeFiles/cmTC_bae3e.dir/src.cxx.o -c /home/ruihan11/Documents/YSYX_Project/verilator_test/build/CMakeFiles/CMakeTmp/src.cxx
c++: error: unrecognized command-line option '-fbracket-depth=4096'
gmake[1]: *** [CMakeFiles/cmTC_bae3e.dir/build.make:78: CMakeFiles/cmTC_bae3e.dir/src.cxx.o] Error 1
gmake[1]: Leaving directory '/home/ruihan11/Documents/YSYX_Project/verilator_test/build/CMakeFiles/CMakeTmp'
gmake: *** [Makefile:127: cmTC_bae3e/fast] Error 2


Source file was:
int main() { return 0; }
Performing C++ SOURCE FILE Test _mno_cet failed with the following output:
Change Dir: /home/ruihan11/Documents/YSYX_Project/verilator_test/build/CMakeFiles/CMakeTmp

Run Build Command(s):/usr/bin/gmake -f Makefile cmTC_30b26/fast && /usr/bin/gmake  -f CMakeFiles/cmTC_30b26.dir/build.make CMakeFiles/cmTC_30b26.dir/build
gmake[1]: Entering directory '/home/ruihan11/Documents/YSYX_Project/verilator_test/build/CMakeFiles/CMakeTmp'
Building CXX object CMakeFiles/cmTC_30b26.dir/src.cxx.o
/usr/bin/c++ -D_mno_cet  -mno-cet -o CMakeFiles/cmTC_30b26.dir/src.cxx.o -c /home/ruihan11/Documents/YSYX_Project/verilator_test/build/CMakeFiles/CMakeTmp/src.cxx
c++: error: unrecognized command-line option '-mno-cet'; did you mean '-mno-aes'?
gmake[1]: *** [CMakeFiles/cmTC_30b26.dir/build.make:78: CMakeFiles/cmTC_30b26.dir/src.cxx.o] Error 1
gmake[1]: Leaving directory '/home/ruihan11/Documents/YSYX_Project/verilator_test/build/CMakeFiles/CMakeTmp'
gmake: *** [Makefile:127: cmTC_30b26/fast] Error 2


Source file was:
int main() { return 0; }
Performing C++ SOURCE FILE Test _Qunused_arguments failed with the following output:
Change Dir: /home/ruihan11/Documents/YSYX_Project/verilator_test/build/CMakeFiles/CMakeTmp

Run Build Command(s):/usr/bin/gmake -f Makefile cmTC_8bc33/fast && /usr/bin/gmake  -f CMakeFiles/cmTC_8bc33.dir/build.make CMakeFiles/cmTC_8bc33.dir/build
gmake[1]: Entering directory '/home/ruihan11/Documents/YSYX_Project/verilator_test/build/CMakeFiles/CMakeTmp'
Building CXX object CMakeFiles/cmTC_8bc33.dir/src.cxx.o
/usr/bin/c++ -D_Qunused_arguments  -Qunused-arguments -o CMakeFiles/cmTC_8bc33.dir/src.cxx.o -c /home/ruihan11/Documents/YSYX_Project/verilator_test/build/CMakeFiles/CMakeTmp/src.cxx
c++: error: unrecognized command-line option '-Qunused-arguments'
gmake[1]: *** [CMakeFiles/cmTC_8bc33.dir/build.make:78: CMakeFiles/cmTC_8bc33.dir/src.cxx.o] Error 1
gmake[1]: Leaving directory '/home/ruihan11/Documents/YSYX_Project/verilator_test/build/CMakeFiles/CMakeTmp'
gmake: *** [Makefile:127: cmTC_8bc33/fast] Error 2


Source file was:
int main() { return 0; }
Performing C++ SOURCE FILE Test _mt failed with the following output:
Change Dir: /home/ruihan11/Documents/YSYX_Project/verilator_test/build/CMakeFiles/CMakeTmp

Run Build Command(s):/usr/bin/gmake -f Makefile cmTC_c1895/fast && /usr/bin/gmake  -f CMakeFiles/cmTC_c1895.dir/build.make CMakeFiles/cmTC_c1895.dir/build
gmake[1]: Entering directory '/home/ruihan11/Documents/YSYX_Project/verilator_test/build/CMakeFiles/CMakeTmp'
Building CXX object CMakeFiles/cmTC_c1895.dir/src.cxx.o
/usr/bin/c++ -D_mt   -o CMakeFiles/cmTC_c1895.dir/src.cxx.o -c /home/ruihan11/Documents/YSYX_Project/verilator_test/build/CMakeFiles/CMakeTmp/src.cxx
Linking CXX executable cmTC_c1895
/usr/bin/cmake -E cmake_link_script CMakeFiles/cmTC_c1895.dir/link.txt --verbose=1
/usr/bin/c++ CMakeFiles/cmTC_c1895.dir/src.cxx.o -o cmTC_c1895  -mt 
c++: error: unrecognized command-line option ‘-mt’; did you mean ‘-MT’?
gmake[1]: *** [CMakeFiles/cmTC_c1895.dir/build.make:99: cmTC_c1895] Error 1
gmake[1]: Leaving directory '/home/ruihan11/Documents/YSYX_Project/verilator_test/build/CMakeFiles/CMakeTmp'
gmake: *** [Makefile:127: cmTC_c1895/fast] Error 2


Source file was:
int main() {return 0;}

